[2023-06-10 07:38:17] local.INFO: No database connection yet in VoyagerServiceProvider loadAuth(). No worries, this is not a problem!  
[2023-06-10 07:38:18] local.ERROR: SQLSTATE[28000] [1045] Access denied for user 'root'@'localhost' (using password: NO) {"exception":"[object] (Doctrine\\DBAL\\Driver\\PDO\\Exception(code: 1045): SQLSTATE[28000] [1045] Access denied for user 'root'@'localhost' (using password: NO) at /home/xhloma2016/kaddahcleaning/vendor/doctrine/dbal/lib/Doctrine/DBAL/Driver/PDO/Exception.php:18)
[stacktrace]
#0 /home/xhloma2016/kaddahcleaning/vendor/doctrine/dbal/lib/Doctrine/DBAL/Driver/PDOConnection.php(44): Doctrine\\DBAL\\Driver\\PDO\\Exception::new()
#1 /home/xhloma2016/kaddahcleaning/vendor/laravel/framework/src/Illuminate/Database/Connectors/Connector.php(67): Doctrine\\DBAL\\Driver\\PDOConnection->__construct()
#2 /home/xhloma2016/kaddahcleaning/vendor/laravel/framework/src/Illuminate/Database/Connectors/Connector.php(46): Illuminate\\Database\\Connectors\\Connector->createPdoConnection()
#3 /home/xhloma2016/kaddahcleaning/vendor/laravel/framework/src/Illuminate/Database/Connectors/MySqlConnector.php(24): Illuminate\\Database\\Connectors\\Connector->createConnection()
#4 /home/xhloma2016/kaddahcleaning/vendor/laravel/framework/src/Illuminate/Database/Connectors/ConnectionFactory.php(184): Illuminate\\Database\\Connectors\\MySqlConnector->connect()
#5 [internal function]: Illuminate\\Database\\Connectors\\ConnectionFactory->Illuminate\\Database\\Connectors\\{closure}()
#6 /home/xhloma2016/kaddahcleaning/vendor/laravel/framework/src/Illuminate/Database/Connection.php(1064): call_user_func()
#7 /home/xhloma2016/kaddahcleaning/vendor/laravel/framework/src/Illuminate/Database/Connection.php(1014): Illuminate\\Database\\Connection->getPdo()
#8 /home/xhloma2016/kaddahcleaning/vendor/larapack/doctrine-support/src/DoctrineSupportServiceProvider.php(55): Illuminate\\Database\\Connection->getDoctrineConnection()
#9 /home/xhloma2016/kaddahcleaning/vendor/larapack/doctrine-support/src/DoctrineSupportServiceProvider.php(35): Larapack\\DoctrineSupport\\DoctrineSupportServiceProvider->addDoctrineTypes()
#10 /home/xhloma2016/kaddahcleaning/vendor/laravel/framework/src/Illuminate/Database/Connectors/ConnectionFactory.php(273): Larapack\\DoctrineSupport\\DoctrineSupportServiceProvider->Larapack\\DoctrineSupport\\{closure}()
#11 /home/xhloma2016/kaddahcleaning/vendor/laravel/framework/src/Illuminate/Database/Connectors/ConnectionFactory.php(76): Illuminate\\Database\\Connectors\\ConnectionFactory->createConnection()
#12 /home/xhloma2016/kaddahcleaning/vendor/laravel/framework/src/Illuminate/Database/Connectors/ConnectionFactory.php(50): Illuminate\\Database\\Connectors\\ConnectionFactory->createSingleConnection()
#13 /home/xhloma2016/kaddahcleaning/vendor/laravel/framework/src/Illuminate/Database/DatabaseManager.php(140): Illuminate\\Database\\Connectors\\ConnectionFactory->make()
#14 /home/xhloma2016/kaddahcleaning/vendor/laravel/framework/src/Illuminate/Database/DatabaseManager.php(95): Illuminate\\Database\\DatabaseManager->makeConnection()
#15 /home/xhloma2016/kaddahcleaning/vendor/laravel/framework/src/Illuminate/Database/Eloquent/Model.php(1653): Illuminate\\Database\\DatabaseManager->connection()
#16 /home/xhloma2016/kaddahcleaning/vendor/laravel/framework/src/Illuminate/Database/Eloquent/Model.php(1619): Illuminate\\Database\\Eloquent\\Model::resolveConnection()
#17 /home/xhloma2016/kaddahcleaning/vendor/laravel/framework/src/Illuminate/Database/Eloquent/Model.php(1425): Illuminate\\Database\\Eloquent\\Model->getConnection()
#18 /home/xhloma2016/kaddahcleaning/vendor/laravel/framework/src/Illuminate/Database/Eloquent/Model.php(1342): Illuminate\\Database\\Eloquent\\Model->newBaseQueryBuilder()
#19 /home/xhloma2016/kaddahcleaning/vendor/laravel/framework/src/Illuminate/Database/Eloquent/Model.php(1378): Illuminate\\Database\\Eloquent\\Model->newModelQuery()
#20 /home/xhloma2016/kaddahcleaning/vendor/laravel/framework/src/Illuminate/Database/Eloquent/Model.php(1331): Illuminate\\Database\\Eloquent\\Model->newQueryWithoutScopes()
#21 /home/xhloma2016/kaddahcleaning/vendor/laravel/framework/src/Illuminate/Database/Eloquent/Model.php(2132): Illuminate\\Database\\Eloquent\\Model->newQuery()
#22 /home/xhloma2016/kaddahcleaning/vendor/laravel/framework/src/Illuminate/Database/Eloquent/Model.php(2144): Illuminate\\Database\\Eloquent\\Model->__call()
#23 /home/xhloma2016/kaddahcleaning/app/Http/Controllers/MainController.php(20): Illuminate\\Database\\Eloquent\\Model::__callStatic()
#24 /home/xhloma2016/kaddahcleaning/vendor/laravel/framework/src/Illuminate/Routing/Controller.php(54): App\\Http\\Controllers\\MainController->index()
#25 /home/xhloma2016/kaddahcleaning/vendor/laravel/framework/src/Illuminate/Routing/ControllerDispatcher.php(45): Illuminate\\Routing\\Controller->callAction()
#26 /home/xhloma2016/kaddahcleaning/vendor/laravel/framework/src/Illuminate/Routing/Route.php(262): Illuminate\\Routing\\ControllerDispatcher->dispatch()
#27 /home/xhloma2016/kaddahcleaning/vendor/laravel/framework/src/Illuminate/Routing/Route.php(205): Illuminate\\Routing\\Route->runController()
#28 /home/xhloma2016/kaddahcleaning/vendor/laravel/framework/src/Illuminate/Routing/Router.php(721): Illuminate\\Routing\\Route->run()
#29 /home/xhloma2016/kaddahcleaning/vendor/laravel/framework/src/Illuminate/Pipeline/Pipeline.php(128): Illuminate\\Routing\\Router->Illuminate\\Routing\\{closure}()
#30 /home/xhloma2016/kaddahcleaning/vendor/laravel/framework/src/Illuminate/Routing/Middleware/SubstituteBindings.php(50): Illuminate\\Pipeline\\Pipeline->Illuminate\\Pipeline\\{closure}()
#31 /home/xhloma2016/kaddahcleaning/vendor/laravel/framework/src/Illuminate/Pipeline/Pipeline.php(167): Illuminate\\Routing\\Middleware\\SubstituteBindings->handle()
#32 /home/xhloma2016/kaddahcleaning/vendor/laravel/framework/src/Illuminate/Foundation/Http/Middleware/VerifyCsrfToken.php(78): Illuminate\\Pipeline\\Pipeline->Illuminate\\Pipeline\\{closure}()
#33 /home/xhloma2016/kaddahcleaning/vendor/laravel/framework/src/Illuminate/Pipeline/Pipeline.php(167): Illuminate\\Foundation\\Http\\Middleware\\VerifyCsrfToken->handle()
#34 /home/xhloma2016/kaddahcleaning/vendor/laravel/framework/src/Illuminate/View/Middleware/ShareErrorsFromSession.php(49): Illuminate\\Pipeline\\Pipeline->Illuminate\\Pipeline\\{closure}()
#35 /home/xhloma2016/kaddahcleaning/vendor/laravel/framework/src/Illuminate/Pipeline/Pipeline.php(167): Illuminate\\View\\Middleware\\ShareErrorsFromSession->handle()
#36 /home/xhloma2016/kaddahcleaning/vendor/laravel/framework/src/Illuminate/Session/Middleware/StartSession.php(121): Illuminate\\Pipeline\\Pipeline->Illuminate\\Pipeline\\{closure}()
#37 /home/xhloma2016/kaddahcleaning/vendor/laravel/framework/src/Illuminate/Session/Middleware/StartSession.php(64): Illuminate\\Session\\Middleware\\StartSession->handleStatefulRequest()
#38 /home/xhloma2016/kaddahcleaning/vendor/laravel/framework/src/Illuminate/Pipeline/Pipeline.php(167): Illuminate\\Session\\Middleware\\StartSession->handle()
#39 /home/xhloma2016/kaddahcleaning/vendor/laravel/framework/src/Illuminate/Cookie/Middleware/AddQueuedCookiesToResponse.php(37): Illuminate\\Pipeline\\Pipeline->Illuminate\\Pipeline\\{closure}()
#40 /home/xhloma2016/kaddahcleaning/vendor/laravel/framework/src/Illuminate/Pipeline/Pipeline.php(167): Illuminate\\Cookie\\Middleware\\AddQueuedCookiesToResponse->handle()
#41 /home/xhloma2016/kaddahcleaning/vendor/laravel/framework/src/Illuminate/Cookie/Middleware/EncryptCookies.php(67): Illuminate\\Pipeline\\Pipeline->Illuminate\\Pipeline\\{closure}()
#42 /home/xhloma2016/kaddahcleaning/vendor/laravel/framework/src/Illuminate/Pipeline/Pipeline.php(167): Illuminate\\Cookie\\Middleware\\EncryptCookies->handle()
#43 /home/xhloma2016/kaddahcleaning/vendor/laravel/framework/src/Illuminate/Pipeline/Pipeline.php(103): Illuminate\\Pipeline\\Pipeline->Illuminate\\Pipeline\\{closure}()
#44 /home/xhloma2016/kaddahcleaning/vendor/laravel/framework/src/Illuminate/Routing/Router.php(723): Illuminate\\Pipeline\\Pipeline->then()
#45 /home/xhloma2016/kaddahcleaning/vendor/laravel/framework/src/Illuminate/Routing/Router.php(698): Illuminate\\Routing\\Router->runRouteWithinStack()
#46 /home/xhloma2016/kaddahcleaning/vendor/laravel/framework/src/Illuminate/Routing/Router.php(662): Illuminate\\Routing\\Router->runRoute()
#47 /home/xhloma2016/kaddahcleaning/vendor/laravel/framework/src/Illuminate/Routing/Router.php(651): Illuminate\\Routing\\Router->dispatchToRoute()
#48 /home/xhloma2016/kaddahcleaning/vendor/laravel/framework/src/Illuminate/Foundation/Http/Kernel.php(167): Illuminate\\Routing\\Router->dispatch()
#49 /home/xhloma2016/kaddahcleaning/vendor/laravel/framework/src/Illuminate/Pipeline/Pipeline.php(128): Illuminate\\Foundation\\Http\\Kernel->Illuminate\\Foundation\\Http\\{closure}()
#50 /home/xhloma2016/kaddahcleaning/vendor/laravel/framework/src/Illuminate/Foundation/Http/Middleware/TransformsRequest.php(21): Illuminate\\Pipeline\\Pipeline->Illuminate\\Pipeline\\{closure}()
#51 /home/xhloma2016/kaddahcleaning/vendor/laravel/framework/src/Illuminate/Foundation/Http/Middleware/ConvertEmptyStringsToNull.php(31): Illuminate\\Foundation\\Http\\Middleware\\TransformsRequest->handle()
#52 /home/xhloma2016/kaddahcleaning/vendor/laravel/framework/src/Illuminate/Pipeline/Pipeline.php(167): Illuminate\\Foundation\\Http\\Middleware\\ConvertEmptyStringsToNull->handle()
#53 /home/xhloma2016/kaddahcleaning/vendor/laravel/framework/src/Illuminate/Foundation/Http/Middleware/TransformsRequest.php(21): Illuminate\\Pipeline\\Pipeline->Illuminate\\Pipeline\\{closure}()
#54 /home/xhloma2016/kaddahcleaning/vendor/laravel/framework/src/Illuminate/Foundation/Http/Middleware/TrimStrings.php(40): Illuminate\\Foundation\\Http\\Middleware\\TransformsRequest->handle()
#55 /home/xhloma2016/kaddahcleaning/vendor/laravel/framework/src/Illuminate/Pipeline/Pipeline.php(167): Illuminate\\Foundation\\Http\\Middleware\\TrimStrings->handle()
#56 /home/xhloma2016/kaddahcleaning/vendor/laravel/framework/src/Illuminate/Foundation/Http/Middleware/ValidatePostSize.php(27): Illuminate\\Pipeline\\Pipeline->Illuminate\\Pipeline\\{closure}()
#57 /home/xhloma2016/kaddahcleaning/vendor/laravel/framework/src/Illuminate/Pipeline/Pipeline.php(167): Illuminate\\Foundation\\Http\\Middleware\\ValidatePostSize->handle()
#58 /home/xhloma2016/kaddahcleaning/vendor/laravel/framework/src/Illuminate/Foundation/Http/Middleware/PreventRequestsDuringMaintenance.php(86): Illuminate\\Pipeline\\Pipeline->Illuminate\\Pipeline\\{closure}()
#59 /home/xhloma2016/kaddahcleaning/vendor/laravel/framework/src/Illuminate/Pipeline/Pipeline.php(167): Illuminate\\Foundation\\Http\\Middleware\\PreventRequestsDuringMaintenance->handle()
#60 /home/xhloma2016/kaddahcleaning/vendor/fruitcake/laravel-cors/src/HandleCors.php(38): Illuminate\\Pipeline\\Pipeline->Illuminate\\Pipeline\\{closure}()
#61 /home/xhloma2016/kaddahcleaning/vendor/laravel/framework/src/Illuminate/Pipeline/Pipeline.php(167): Fruitcake\\Cors\\HandleCors->handle()
#62 /home/xhloma2016/kaddahcleaning/vendor/laravel/framework/src/Illuminate/Http/Middleware/TrustProxies.php(39): Illuminate\\Pipeline\\Pipeline->Illuminate\\Pipeline\\{closure}()
#63 /home/xhloma2016/kaddahcleaning/vendor/laravel/framework/src/Illuminate/Pipeline/Pipeline.php(167): Illuminate\\Http\\Middleware\\TrustProxies->handle()
#64 /home/xhloma2016/kaddahcleaning/vendor/laravel/framework/src/Illuminate/Pipeline/Pipeline.php(103): Illuminate\\Pipeline\\Pipeline->Illuminate\\Pipeline\\{closure}()
#65 /home/xhloma2016/kaddahcleaning/vendor/laravel/framework/src/Illuminate/Foundation/Http/Kernel.php(142): Illuminate\\Pipeline\\Pipeline->then()
#66 /home/xhloma2016/kaddahcleaning/vendor/laravel/framework/src/Illuminate/Foundation/Http/Kernel.php(111): Illuminate\\Foundation\\Http\\Kernel->sendRequestThroughRouter()
#67 /home/xhloma2016/kaddahcleaning/public/index.php(52): Illuminate\\Foundation\\Http\\Kernel->handle()
#68 {main}

[previous exception] [object] (PDOException(code: 1045): SQLSTATE[28000] [1045] Access denied for user 'root'@'localhost' (using password: NO) at /home/xhloma2016/kaddahcleaning/vendor/doctrine/dbal/lib/Doctrine/DBAL/Driver/PDOConnection.php:40)
[stacktrace]
#0 /home/xhloma2016/kaddahcleaning/vendor/doctrine/dbal/lib/Doctrine/DBAL/Driver/PDOConnection.php(40): PDO->__construct()
#1 /home/xhloma2016/kaddahcleaning/vendor/laravel/framework/src/Illuminate/Database/Connectors/Connector.php(67): Doctrine\\DBAL\\Driver\\PDOConnection->__construct()
#2 /home/xhloma2016/kaddahcleaning/vendor/laravel/framework/src/Illuminate/Database/Connectors/Connector.php(46): Illuminate\\Database\\Connectors\\Connector->createPdoConnection()
#3 /home/xhloma2016/kaddahcleaning/vendor/laravel/framework/src/Illuminate/Database/Connectors/MySqlConnector.php(24): Illuminate\\Database\\Connectors\\Connector->createConnection()
#4 /home/xhloma2016/kaddahcleaning/vendor/laravel/framework/src/Illuminate/Database/Connectors/ConnectionFactory.php(184): Illuminate\\Database\\Connectors\\MySqlConnector->connect()
#5 [internal function]: Illuminate\\Database\\Connectors\\ConnectionFactory->Illuminate\\Database\\Connectors\\{closure}()
#6 /home/xhloma2016/kaddahcleaning/vendor/laravel/framework/src/Illuminate/Database/Connection.php(1064): call_user_func()
#7 /home/xhloma2016/kaddahcleaning/vendor/laravel/framework/src/Illuminate/Database/Connection.php(1014): Illuminate\\Database\\Connection->getPdo()
#8 /home/xhloma2016/kaddahcleaning/vendor/larapack/doctrine-support/src/DoctrineSupportServiceProvider.php(55): Illuminate\\Database\\Connection->getDoctrineConnection()
#9 /home/xhloma2016/kaddahcleaning/vendor/larapack/doctrine-support/src/DoctrineSupportServiceProvider.php(35): Larapack\\DoctrineSupport\\DoctrineSupportServiceProvider->addDoctrineTypes()
#10 /home/xhloma2016/kaddahcleaning/vendor/laravel/framework/src/Illuminate/Database/Connectors/ConnectionFactory.php(273): Larapack\\DoctrineSupport\\DoctrineSupportServiceProvider->Larapack\\DoctrineSupport\\{closure}()
#11 /home/xhloma2016/kaddahcleaning/vendor/laravel/framework/src/Illuminate/Database/Connectors/ConnectionFactory.php(76): Illuminate\\Database\\Connectors\\ConnectionFactory->createConnection()
#12 /home/xhloma2016/kaddahcleaning/vendor/laravel/framework/src/Illuminate/Database/Connectors/ConnectionFactory.php(50): Illuminate\\Database\\Connectors\\ConnectionFactory->createSingleConnection()
#13 /home/xhloma2016/kaddahcleaning/vendor/laravel/framework/src/Illuminate/Database/DatabaseManager.php(140): Illuminate\\Database\\Connectors\\ConnectionFactory->make()
#14 /home/xhloma2016/kaddahcleaning/vendor/laravel/framework/src/Illuminate/Database/DatabaseManager.php(95): Illuminate\\Database\\DatabaseManager->makeConnection()
#15 /home/xhloma2016/kaddahcleaning/vendor/laravel/framework/src/Illuminate/Database/Eloquent/Model.php(1653): Illuminate\\Database\\DatabaseManager->connection()
#16 /home/xhloma2016/kaddahcleaning/vendor/laravel/framework/src/Illuminate/Database/Eloquent/Model.php(1619): Illuminate\\Database\\Eloquent\\Model::resolveConnection()
#17 /home/xhloma2016/kaddahcleaning/vendor/laravel/framework/src/Illuminate/Database/Eloquent/Model.php(1425): Illuminate\\Database\\Eloquent\\Model->getConnection()
#18 /home/xhloma2016/kaddahcleaning/vendor/laravel/framework/src/Illuminate/Database/Eloquent/Model.php(1342): Illuminate\\Database\\Eloquent\\Model->newBaseQueryBuilder()
#19 /home/xhloma2016/kaddahcleaning/vendor/laravel/framework/src/Illuminate/Database/Eloquent/Model.php(1378): Illuminate\\Database\\Eloquent\\Model->newModelQuery()
#20 /home/xhloma2016/kaddahcleaning/vendor/laravel/framework/src/Illuminate/Database/Eloquent/Model.php(1331): Illuminate\\Database\\Eloquent\\Model->newQueryWithoutScopes()
#21 /home/xhloma2016/kaddahcleaning/vendor/laravel/framework/src/Illuminate/Database/Eloquent/Model.php(2132): Illuminate\\Database\\Eloquent\\Model->newQuery()
#22 /home/xhloma2016/kaddahcleaning/vendor/laravel/framework/src/Illuminate/Database/Eloquent/Model.php(2144): Illuminate\\Database\\Eloquent\\Model->__call()
#23 /home/xhloma2016/kaddahcleaning/app/Http/Controllers/MainController.php(20): Illuminate\\Database\\Eloquent\\Model::__callStatic()
#24 /home/xhloma2016/kaddahcleaning/vendor/laravel/framework/src/Illuminate/Routing/Controller.php(54): App\\Http\\Controllers\\MainController->index()
#25 /home/xhloma2016/kaddahcleaning/vendor/laravel/framework/src/Illuminate/Routing/ControllerDispatcher.php(45): Illuminate\\Routing\\Controller->callAction()
#26 /home/xhloma2016/kaddahcleaning/vendor/laravel/framework/src/Illuminate/Routing/Route.php(262): Illuminate\\Routing\\ControllerDispatcher->dispatch()
#27 /home/xhloma2016/kaddahcleaning/vendor/laravel/framework/src/Illuminate/Routing/Route.php(205): Illuminate\\Routing\\Route->runController()
#28 /home/xhloma2016/kaddahcleaning/vendor/laravel/framework/src/Illuminate/Routing/Router.php(721): Illuminate\\Routing\\Route->run()
#29 /home/xhloma2016/kaddahcleaning/vendor/laravel/framework/src/Illuminate/Pipeline/Pipeline.php(128): Illuminate\\Routing\\Router->Illuminate\\Routing\\{closure}()
#30 /home/xhloma2016/kaddahcleaning/vendor/laravel/framework/src/Illuminate/Routing/Middleware/SubstituteBindings.php(50): Illuminate\\Pipeline\\Pipeline->Illuminate\\Pipeline\\{closure}()
#31 /home/xhloma2016/kaddahcleaning/vendor/laravel/framework/src/Illuminate/Pipeline/Pipeline.php(167): Illuminate\\Routing\\Middleware\\SubstituteBindings->handle()
#32 /home/xhloma2016/kaddahcleaning/vendor/laravel/framework/src/Illuminate/Foundation/Http/Middleware/VerifyCsrfToken.php(78): Illuminate\\Pipeline\\Pipeline->Illuminate\\Pipeline\\{closure}()
#33 /home/xhloma2016/kaddahcleaning/vendor/laravel/framework/src/Illuminate/Pipeline/Pipeline.php(167): Illuminate\\Foundation\\Http\\Middleware\\VerifyCsrfToken->handle()
#34 /home/xhloma2016/kaddahcleaning/vendor/laravel/framework/src/Illuminate/View/Middleware/ShareErrorsFromSession.php(49): Illuminate\\Pipeline\\Pipeline->Illuminate\\Pipeline\\{closure}()
#35 /home/xhloma2016/kaddahcleaning/vendor/laravel/framework/src/Illuminate/Pipeline/Pipeline.php(167): Illuminate\\View\\Middleware\\ShareErrorsFromSession->handle()
#36 /home/xhloma2016/kaddahcleaning/vendor/laravel/framework/src/Illuminate/Session/Middleware/StartSession.php(121): Illuminate\\Pipeline\\Pipeline->Illuminate\\Pipeline\\{closure}()
#37 /home/xhloma2016/kaddahcleaning/vendor/laravel/framework/src/Illuminate/Session/Middleware/StartSession.php(64): Illuminate\\Session\\Middleware\\StartSession->handleStatefulRequest()
#38 /home/xhloma2016/kaddahcleaning/vendor/laravel/framework/src/Illuminate/Pipeline/Pipeline.php(167): Illuminate\\Session\\Middleware\\StartSession->handle()
#39 /home/xhloma2016/kaddahcleaning/vendor/laravel/framework/src/Illuminate/Cookie/Middleware/AddQueuedCookiesToResponse.php(37): Illuminate\\Pipeline\\Pipeline->Illuminate\\Pipeline\\{closure}()
#40 /home/xhloma2016/kaddahcleaning/vendor/laravel/framework/src/Illuminate/Pipeline/Pipeline.php(167): Illuminate\\Cookie\\Middleware\\AddQueuedCookiesToResponse->handle()
#41 /home/xhloma2016/kaddahcleaning/vendor/laravel/framework/src/Illuminate/Cookie/Middleware/EncryptCookies.php(67): Illuminate\\Pipeline\\Pipeline->Illuminate\\Pipeline\\{closure}()
#42 /home/xhloma2016/kaddahcleaning/vendor/laravel/framework/src/Illuminate/Pipeline/Pipeline.php(167): Illuminate\\Cookie\\Middleware\\EncryptCookies->handle()
#43 /home/xhloma2016/kaddahcleaning/vendor/laravel/framework/src/Illuminate/Pipeline/Pipeline.php(103): Illuminate\\Pipeline\\Pipeline->Illuminate\\Pipeline\\{closure}()
#44 /home/xhloma2016/kaddahcleaning/vendor/laravel/framework/src/Illuminate/Routing/Router.php(723): Illuminate\\Pipeline\\Pipeline->then()
#45 /home/xhloma2016/kaddahcleaning/vendor/laravel/framework/src/Illuminate/Routing/Router.php(698): Illuminate\\Routing\\Router->runRouteWithinStack()
#46 /home/xhloma2016/kaddahcleaning/vendor/laravel/framework/src/Illuminate/Routing/Router.php(662): Illuminate\\Routing\\Router->runRoute()
#47 /home/xhloma2016/kaddahcleaning/vendor/laravel/framework/src/Illuminate/Routing/Router.php(651): Illuminate\\Routing\\Router->dispatchToRoute()
#48 /home/xhloma2016/kaddahcleaning/vendor/laravel/framework/src/Illuminate/Foundation/Http/Kernel.php(167): Illuminate\\Routing\\Router->dispatch()
#49 /home/xhloma2016/kaddahcleaning/vendor/laravel/framework/src/Illuminate/Pipeline/Pipeline.php(128): Illuminate\\Foundation\\Http\\Kernel->Illuminate\\Foundation\\Http\\{closure}()
#50 /home/xhloma2016/kaddahcleaning/vendor/laravel/framework/src/Illuminate/Foundation/Http/Middleware/TransformsRequest.php(21): Illuminate\\Pipeline\\Pipeline->Illuminate\\Pipeline\\{closure}()
#51 /home/xhloma2016/kaddahcleaning/vendor/laravel/framework/src/Illuminate/Foundation/Http/Middleware/ConvertEmptyStringsToNull.php(31): Illuminate\\Foundation\\Http\\Middleware\\TransformsRequest->handle()
#52 /home/xhloma2016/kaddahcleaning/vendor/laravel/framework/src/Illuminate/Pipeline/Pipeline.php(167): Illuminate\\Foundation\\Http\\Middleware\\ConvertEmptyStringsToNull->handle()
#53 /home/xhloma2016/kaddahcleaning/vendor/laravel/framework/src/Illuminate/Foundation/Http/Middleware/TransformsRequest.php(21): Illuminate\\Pipeline\\Pipeline->Illuminate\\Pipeline\\{closure}()
#54 /home/xhloma2016/kaddahcleaning/vendor/laravel/framework/src/Illuminate/Foundation/Http/Middleware/TrimStrings.php(40): Illuminate\\Foundation\\Http\\Middleware\\TransformsRequest->handle()
#55 /home/xhloma2016/kaddahcleaning/vendor/laravel/framework/src/Illuminate/Pipeline/Pipeline.php(167): Illuminate\\Foundation\\Http\\Middleware\\TrimStrings->handle()
#56 /home/xhloma2016/kaddahcleaning/vendor/laravel/framework/src/Illuminate/Foundation/Http/Middleware/ValidatePostSize.php(27): Illuminate\\Pipeline\\Pipeline->Illuminate\\Pipeline\\{closure}()
#57 /home/xhloma2016/kaddahcleaning/vendor/laravel/framework/src/Illuminate/Pipeline/Pipeline.php(167): Illuminate\\Foundation\\Http\\Middleware\\ValidatePostSize->handle()
#58 /home/xhloma2016/kaddahcleaning/vendor/laravel/framework/src/Illuminate/Foundation/Http/Middleware/PreventRequestsDuringMaintenance.php(86): Illuminate\\Pipeline\\Pipeline->Illuminate\\Pipeline\\{closure}()
#59 /home/xhloma2016/kaddahcleaning/vendor/laravel/framework/src/Illuminate/Pipeline/Pipeline.php(167): Illuminate\\Foundation\\Http\\Middleware\\PreventRequestsDuringMaintenance->handle()
#60 /home/xhloma2016/kaddahcleaning/vendor/fruitcake/laravel-cors/src/HandleCors.php(38): Illuminate\\Pipeline\\Pipeline->Illuminate\\Pipeline\\{closure}()
#61 /home/xhloma2016/kaddahcleaning/vendor/laravel/framework/src/Illuminate/Pipeline/Pipeline.php(167): Fruitcake\\Cors\\HandleCors->handle()
#62 /home/xhloma2016/kaddahcleaning/vendor/laravel/framework/src/Illuminate/Http/Middleware/TrustProxies.php(39): Illuminate\\Pipeline\\Pipeline->Illuminate\\Pipeline\\{closure}()
#63 /home/xhloma2016/kaddahcleaning/vendor/laravel/framework/src/Illuminate/Pipeline/Pipeline.php(167): Illuminate\\Http\\Middleware\\TrustProxies->handle()
#64 /home/xhloma2016/kaddahcleaning/vendor/laravel/framework/src/Illuminate/Pipeline/Pipeline.php(103): Illuminate\\Pipeline\\Pipeline->Illuminate\\Pipeline\\{closure}()
#65 /home/xhloma2016/kaddahcleaning/vendor/laravel/framework/src/Illuminate/Foundation/Http/Kernel.php(142): Illuminate\\Pipeline\\Pipeline->then()
#66 /home/xhloma2016/kaddahcleaning/vendor/laravel/framework/src/Illuminate/Foundation/Http/Kernel.php(111): Illuminate\\Foundation\\Http\\Kernel->sendRequestThroughRouter()
#67 /home/xhloma2016/kaddahcleaning/public/index.php(52): Illuminate\\Foundation\\Http\\Kernel->handle()
#68 {main}
"} 
[2023-06-10 07:38:18] local.ERROR: file_put_contents(D:\Websites\KaddahCleaning\storage\framework/sessions/36abhfPzfa4RsNNlWqwQpGCp8JtNeif5YQT2evC0): Failed to open stream: No such file or directory {"exception":"[object] (ErrorException(code: 0): file_put_contents(D:\\Websites\\KaddahCleaning\\storage\\framework/sessions/36abhfPzfa4RsNNlWqwQpGCp8JtNeif5YQT2evC0): Failed to open stream: No such file or directory at /home/xhloma2016/kaddahcleaning/vendor/laravel/framework/src/Illuminate/Filesystem/Filesystem.php:187)
[stacktrace]
#0 [internal function]: Illuminate\\Foundation\\Bootstrap\\HandleExceptions->handleError()
#1 /home/xhloma2016/kaddahcleaning/vendor/laravel/framework/src/Illuminate/Filesystem/Filesystem.php(187): file_put_contents()
#2 /home/xhloma2016/kaddahcleaning/vendor/laravel/framework/src/Illuminate/Session/FileSessionHandler.php(95): Illuminate\\Filesystem\\Filesystem->put()
#3 /home/xhloma2016/kaddahcleaning/vendor/laravel/framework/src/Illuminate/Session/Store.php(129): Illuminate\\Session\\FileSessionHandler->write()
#4 /home/xhloma2016/kaddahcleaning/vendor/laravel/framework/src/Illuminate/Session/Middleware/StartSession.php(236): Illuminate\\Session\\Store->save()
#5 /home/xhloma2016/kaddahcleaning/vendor/laravel/framework/src/Illuminate/Session/Middleware/StartSession.php(130): Illuminate\\Session\\Middleware\\StartSession->saveSession()
#6 /home/xhloma2016/kaddahcleaning/vendor/laravel/framework/src/Illuminate/Session/Middleware/StartSession.php(64): Illuminate\\Session\\Middleware\\StartSession->handleStatefulRequest()
#7 /home/xhloma2016/kaddahcleaning/vendor/laravel/framework/src/Illuminate/Pipeline/Pipeline.php(167): Illuminate\\Session\\Middleware\\StartSession->handle()
#8 /home/xhloma2016/kaddahcleaning/vendor/laravel/framework/src/Illuminate/Cookie/Middleware/AddQueuedCookiesToResponse.php(37): Illuminate\\Pipeline\\Pipeline->Illuminate\\Pipeline\\{closure}()
#9 /home/xhloma2016/kaddahcleaning/vendor/laravel/framework/src/Illuminate/Pipeline/Pipeline.php(167): Illuminate\\Cookie\\Middleware\\AddQueuedCookiesToResponse->handle()
#10 /home/xhloma2016/kaddahcleaning/vendor/laravel/framework/src/Illuminate/Cookie/Middleware/EncryptCookies.php(67): Illuminate\\Pipeline\\Pipeline->Illuminate\\Pipeline\\{closure}()
#11 /home/xhloma2016/kaddahcleaning/vendor/laravel/framework/src/Illuminate/Pipeline/Pipeline.php(167): Illuminate\\Cookie\\Middleware\\EncryptCookies->handle()
#12 /home/xhloma2016/kaddahcleaning/vendor/laravel/framework/src/Illuminate/Pipeline/Pipeline.php(103): Illuminate\\Pipeline\\Pipeline->Illuminate\\Pipeline\\{closure}()
#13 /home/xhloma2016/kaddahcleaning/vendor/laravel/framework/src/Illuminate/Routing/Router.php(723): Illuminate\\Pipeline\\Pipeline->then()
#14 /home/xhloma2016/kaddahcleaning/vendor/laravel/framework/src/Illuminate/Routing/Router.php(698): Illuminate\\Routing\\Router->runRouteWithinStack()
#15 /home/xhloma2016/kaddahcleaning/vendor/laravel/framework/src/Illuminate/Routing/Router.php(662): Illuminate\\Routing\\Router->runRoute()
#16 /home/xhloma2016/kaddahcleaning/vendor/laravel/framework/src/Illuminate/Routing/Router.php(651): Illuminate\\Routing\\Router->dispatchToRoute()
#17 /home/xhloma2016/kaddahcleaning/vendor/laravel/framework/src/Illuminate/Foundation/Http/Kernel.php(167): Illuminate\\Routing\\Router->dispatch()
#18 /home/xhloma2016/kaddahcleaning/vendor/laravel/framework/src/Illuminate/Pipeline/Pipeline.php(128): Illuminate\\Foundation\\Http\\Kernel->Illuminate\\Foundation\\Http\\{closure}()
#19 /home/xhloma2016/kaddahcleaning/vendor/laravel/framework/src/Illuminate/Foundation/Http/Middleware/TransformsRequest.php(21): Illuminate\\Pipeline\\Pipeline->Illuminate\\Pipeline\\{closure}()
#20 /home/xhloma2016/kaddahcleaning/vendor/laravel/framework/src/Illuminate/Foundation/Http/Middleware/ConvertEmptyStringsToNull.php(31): Illuminate\\Foundation\\Http\\Middleware\\TransformsRequest->handle()
#21 /home/xhloma2016/kaddahcleaning/vendor/laravel/framework/src/Illuminate/Pipeline/Pipeline.php(167): Illuminate\\Foundation\\Http\\Middleware\\ConvertEmptyStringsToNull->handle()
#22 /home/xhloma2016/kaddahcleaning/vendor/laravel/framework/src/Illuminate/Foundation/Http/Middleware/TransformsRequest.php(21): Illuminate\\Pipeline\\Pipeline->Illuminate\\Pipeline\\{closure}()
#23 /home/xhloma2016/kaddahcleaning/vendor/laravel/framework/src/Illuminate/Foundation/Http/Middleware/TrimStrings.php(40): Illuminate\\Foundation\\Http\\Middleware\\TransformsRequest->handle()
#24 /home/xhloma2016/kaddahcleaning/vendor/laravel/framework/src/Illuminate/Pipeline/Pipeline.php(167): Illuminate\\Foundation\\Http\\Middleware\\TrimStrings->handle()
#25 /home/xhloma2016/kaddahcleaning/vendor/laravel/framework/src/Illuminate/Foundation/Http/Middleware/ValidatePostSize.php(27): Illuminate\\Pipeline\\Pipeline->Illuminate\\Pipeline\\{closure}()
#26 /home/xhloma2016/kaddahcleaning/vendor/laravel/framework/src/Illuminate/Pipeline/Pipeline.php(167): Illuminate\\Foundation\\Http\\Middleware\\ValidatePostSize->handle()
#27 /home/xhloma2016/kaddahcleaning/vendor/laravel/framework/src/Illuminate/Foundation/Http/Middleware/PreventRequestsDuringMaintenance.php(86): Illuminate\\Pipeline\\Pipeline->Illuminate\\Pipeline\\{closure}()
#28 /home/xhloma2016/kaddahcleaning/vendor/laravel/framework/src/Illuminate/Pipeline/Pipeline.php(167): Illuminate\\Foundation\\Http\\Middleware\\PreventRequestsDuringMaintenance->handle()
#29 /home/xhloma2016/kaddahcleaning/vendor/fruitcake/laravel-cors/src/HandleCors.php(38): Illuminate\\Pipeline\\Pipeline->Illuminate\\Pipeline\\{closure}()
#30 /home/xhloma2016/kaddahcleaning/vendor/laravel/framework/src/Illuminate/Pipeline/Pipeline.php(167): Fruitcake\\Cors\\HandleCors->handle()
#31 /home/xhloma2016/kaddahcleaning/vendor/laravel/framework/src/Illuminate/Http/Middleware/TrustProxies.php(39): Illuminate\\Pipeline\\Pipeline->Illuminate\\Pipeline\\{closure}()
#32 /home/xhloma2016/kaddahcleaning/vendor/laravel/framework/src/Illuminate/Pipeline/Pipeline.php(167): Illuminate\\Http\\Middleware\\TrustProxies->handle()
#33 /home/xhloma2016/kaddahcleaning/vendor/laravel/framework/src/Illuminate/Pipeline/Pipeline.php(103): Illuminate\\Pipeline\\Pipeline->Illuminate\\Pipeline\\{closure}()
#34 /home/xhloma2016/kaddahcleaning/vendor/laravel/framework/src/Illuminate/Foundation/Http/Kernel.php(142): Illuminate\\Pipeline\\Pipeline->then()
#35 /home/xhloma2016/kaddahcleaning/vendor/laravel/framework/src/Illuminate/Foundation/Http/Kernel.php(111): Illuminate\\Foundation\\Http\\Kernel->sendRequestThroughRouter()
#36 /home/xhloma2016/kaddahcleaning/public/index.php(52): Illuminate\\Foundation\\Http\\Kernel->handle()
#37 {main}
"} 
